<?xml version="1.0" encoding="UTF-8"?>
<!-- Generated by org.testng.reporters.JUnitReportReporter -->
<testsuite hostname="LAPTOP-FD4NVGGE" failures="0" tests="2" name="pac2.OrgTest" time="0.013" errors="0" timestamp="2024-07-16T18:20:04 IST" skipped="0">
  <testcase classname="pac2.OrgTest" name="modifyOrgTest" time="0.002"/>
  <testcase classname="pac2.OrgTest" name="createOrgTest" time="0.011"/>
</testsuite> <!-- pac2.OrgTest -->
