<?xml version="1.0" encoding="UTF-8"?>
<!-- Generated by org.testng.reporters.JUnitReportReporter -->
<testsuite hostname="LAPTOP-FD4NVGGE" failures="0" tests="2" name="pac1.ContactTest" time="0.010" errors="0" timestamp="2024-07-16T18:19:49 IST" skipped="0">
  <testcase classname="pac1.ContactTest" name="modifyContactTest" time="0.001"/>
  <testcase classname="pac1.ContactTest" name="createContactTest" time="0.009"/>
</testsuite> <!-- pac1.ContactTest -->
